<?xml version="1.0" encoding="UTF-8"?>
<!-- Generated by org.testng.reporters.JUnitXMLReporter -->
<testsuite hostname="DESKTOP-VO08QMD" ignored="0" name="FunctionalTesting" tests="3" failures="2" timestamp="27 Jun 2021 14:38:45 GMT" time="42.212" errors="0">
  <testcase name="Search" time="8.969" classname="com.qa.testscript.TC_Reliance_01">
    <failure type="java.lang.AssertionError" message="expected [true] but found [false]">
      <![CDATA[java.lang.AssertionError: expected [true] but found [false]
	at com.qa.testscript.TC_Reliance_01.Search(TC_Reliance_01.java:49)
... Removed 29 stack frames]]>
    </failure>
  </testcase> <!-- Search -->
  <testcase name="Search" time="7.119" classname="com.qa.testscript.TC_Reliance_01">
    <failure type="java.lang.AssertionError" message="expected [true] but found [false]">
      <![CDATA[java.lang.AssertionError: expected [true] but found [false]
	at com.qa.testscript.TC_Reliance_01.Search(TC_Reliance_01.java:49)
... Removed 29 stack frames]]>
    </failure>
  </testcase> <!-- Search -->
  <testcase name="FooterLinks" time="0.215" classname="com.qa.testscript.TC_Reliance_02"/>
</testsuite> <!-- FunctionalTesting -->
