<html>
<head>
<title>TestNG:  Test1</title>
<link href="../testng.css" rel="stylesheet" type="text/css" />
<link href="../my-testng.css" rel="stylesheet" type="text/css" />

<style type="text/css">
.log { display: none;} 
.stack-trace { display: none;} 
</style>
<script type="text/javascript">
<!--
function flip(e) {
  current = e.style.display;
  if (current == 'block') {
    e.style.display = 'none';
    return 0;
  }
  else {
    e.style.display = 'block';
    return 1;
  }
}

function toggleBox(szDivId, elem, msg1, msg2)
{
  var res = -1;  if (document.getElementById) {
    res = flip(document.getElementById(szDivId));
  }
  else if (document.all) {
    // this is the way old msie versions work
    res = flip(document.all[szDivId]);
  }
  if(elem) {
    if(res == 0) elem.innerHTML = msg1; else elem.innerHTML = msg2;
  }

}

function toggleAllBoxes() {
  if (document.getElementsByTagName) {
    d = document.getElementsByTagName('div');
    for (i = 0; i < d.length; i++) {
      if (d[i].className == 'log') {
        flip(d[i]);
      }
    }
  }
}

// -->
</script>

</head>
<body>
<h2 align='center'>Test1</h2><table border='1' align="center">
<tr>
<td>Tests passed/Failed/Skipped:</td><td>1/2/0</td>
</tr><tr>
<td>Started on:</td><td>Thu Jun 24 11:19:44 IST 2021</td>
</tr>
<tr><td>Total time:</td><td>28 seconds (28746 ms)</td>
</tr><tr>
<td>Included groups:</td><td></td>
</tr><tr>
<td>Excluded groups:</td><td></td>
</tr>
</table><p/>
<small><i>(Hover the method name to see the test class name)</i></small><p/>
<table width='100%' border='1' class='invocation-failed'>
<tr><td colspan='4' align='center'><b>FAILED TESTS</b></td></tr>
<tr><td><b>Test method</b></td>
<td width="30%"><b>Exception</b></td>
<td width="10%"><b>Time (seconds)</b></td>
<td><b>Instance</b></td>
</tr>
<tr>
<td title='com.qa.testscript.TC_Reliance_01.Search()'><b>Search</b><br>Test class: com.qa.testscript.TC_Reliance_01<br>Parameters: Iphone 12 pro<br/>
<a href="#Output-696739588" onClick='toggleBox("Output-696739588", this, "Show output", "Hide output");'>Show output</a>

<a href="#Output-696739588" onClick="toggleAllBoxes();">Show all outputs</a>
<div class='log' id="Output-696739588">
Apple iPhone 12 Pro 512 GB, Graphite<br/>
Apple iPhone 12 Pro 128 GB, Gold<br/>
Apple iPhone 12 Pro 256 GB, Gold<br/>
Apple iPhone 12 Pro 256 GB, Pacific Blue<br/>
Apple iPhone 12 Pro 128 GB, Pacific Blue<br/>
Apple iPhone 11 Pro 64 GB, Gold (Includes Earpods and Adapter)<br/>
Apple iPhone 11 Pro 256 GB, Gold (Includes Earpods and Adapter)<br/>
Apple iPhone 11 Pro Max 64 GB, Midnight Green (Includes Earpods and Adapter)<br/>
Apple iPhone 11 Pro Max 64 GB, Gold (Includes Earpods and Adapter)<br/>
Apple iPhone 11 Pro Max 64 GB, Space Grey (Includes Earpods and Adapter)<br/>
Apple iPhone 11 Pro 64 GB, Space Grey (Includes Earpods and Adapter)<br/>
Apple iPhone 11 Pro 64 GB, Midnight Green (Includes Earpods and Adapter)<br/>
Apple iPhone 11 Pro 256 GB, Space Grey (Includes Earpods and Adapter)<br/>
iPhone 12 & 12 Pro Clear Case with MagSafe<br/>
Apple iPhone 12 Pro 256 GB, Graphite<br/>
Apple iPhone 12 Pro 128 GB, Graphite<br/>
iPhone 12 & 12 Pro Silicone Case with MagSafe - Kumquat<br/>
iPhone 12 & 12 Pro Silicone Case with MagSafe - Deep Navy<br/>
iPhone 12 & 12 Pro Silicone Case with MagSafe - Pink Citrus<br/>
iPhone 12 & 12 Pro Silicone Case with MagSafe - Plum<br/>
iPhone 12 & 12 Pro Silicone Case with MagSafe - Black<br/>
iPhone 12 & 12 Pro Silicone Case with MagSafe - White<br/>
iPhone 12 & 12 Pro Silicone Case with MagSafe - (PRODUCT)RED<br/>
Apple iPhone 12 Pro Max 256 GB, Pacific Blue<br/>
Item is not searched<br/>
</div>
</td>
<td><div><pre>java.lang.AssertionError: expected [true] but found [false]
	at com.qa.testscript.TC_Reliance_01.Search(TC_Reliance_01.java:56)
... Removed 29 stack frames</pre></div><a href='#' onClick='toggleBox("stack-trace696739588", this, "Click to show all stack frames", "Click to hide stack frames")'>Click to show all stack frames</a>
<div class='stack-trace' id='stack-trace696739588'><pre>java.lang.AssertionError: expected [true] but found [false]
	at org.testng.Assert.fail(Assert.java:93)
	at org.testng.Assert.failNotEquals(Assert.java:512)
	at org.testng.Assert.assertTrue(Assert.java:41)
	at org.testng.Assert.assertTrue(Assert.java:51)
	at com.qa.testscript.TC_Reliance_01.Search(TC_Reliance_01.java:56)
	at sun.reflect.NativeMethodAccessorImpl.invoke0(Native Method)
	at sun.reflect.NativeMethodAccessorImpl.invoke(NativeMethodAccessorImpl.java:62)
	at sun.reflect.DelegatingMethodAccessorImpl.invoke(DelegatingMethodAccessorImpl.java:43)
	at java.lang.reflect.Method.invoke(Method.java:498)
	at org.testng.internal.MethodInvocationHelper.invokeMethod(MethodInvocationHelper.java:108)
	at org.testng.internal.Invoker.invokeMethod(Invoker.java:661)
	at org.testng.internal.Invoker.invokeTestMethod(Invoker.java:869)
	at org.testng.internal.Invoker.invokeTestMethods(Invoker.java:1193)
	at org.testng.internal.TestMethodWorker.invokeTestMethods(TestMethodWorker.java:126)
	at org.testng.internal.TestMethodWorker.run(TestMethodWorker.java:109)
	at org.testng.TestRunner.privateRun(TestRunner.java:744)
	at org.testng.TestRunner.run(TestRunner.java:602)
	at org.testng.SuiteRunner.runTest(SuiteRunner.java:380)
	at org.testng.SuiteRunner.runSequentially(SuiteRunner.java:375)
	at org.testng.SuiteRunner.privateRun(SuiteRunner.java:340)
	at org.testng.SuiteRunner.run(SuiteRunner.java:289)
	at org.testng.SuiteRunnerWorker.runSuite(SuiteRunnerWorker.java:52)
	at org.testng.SuiteRunnerWorker.run(SuiteRunnerWorker.java:86)
	at org.testng.TestNG.runSuitesSequentially(TestNG.java:1301)
	at org.testng.TestNG.runSuitesLocally(TestNG.java:1226)
	at org.testng.TestNG.runSuites(TestNG.java:1144)
	at org.testng.TestNG.run(TestNG.java:1115)
	at org.testng.remote.AbstractRemoteTestNG.run(AbstractRemoteTestNG.java:132)
	at org.testng.remote.RemoteTestNG.initAndRun(RemoteTestNG.java:230)
	at org.testng.remote.RemoteTestNG.main(RemoteTestNG.java:76)
</pre></div></td>
<td>7</td>
<td>com.qa.testscript.TC_Reliance_01@1e88b3c</td></tr>
<tr>
<td title='com.qa.testscript.TC_Reliance_01.Search()'><b>Search</b><br>Test class: com.qa.testscript.TC_Reliance_01<br>Parameters: oneplus 9r<br/>
<a href="#Output-817054343" onClick='toggleBox("Output-817054343", this, "Show output", "Hide output");'>Show output</a>

<a href="#Output-817054343" onClick="toggleAllBoxes();">Show all outputs</a>
<div class='log' id="Output-817054343">
OnePlus 9 256 GB, 12 GB RAM, Arctic Sky, Smartphone<br/>
OnePlus 9R 256 GB, 12 GB RAM, Carbon Black, Smartphone<br/>
OnePlus 9R 256 GB, 12 GB RAM, Lake Blue, Smartphone<br/>
OnePlus 9 128 GB, 8 GB RAM, Astral Black, Smartphone<br/>
OnePlus 9 Pro 128 GB, 8 GB RAM, Stellar Black, Smartphone<br/>
OnePlus 9R 128 GB, 8 GB RAM, Lake Blue, Smartphone<br/>
OnePlus 9R 128 GB, 8 GB RAM, Carbon Black, Smartphone<br/>
OnePlus 9 128 GB, 8 GB RAM, Arctic Sky, Smartphone<br/>
OnePlus 9 Pro 256 GB, 12 GB RAM, Stellar Black, Smartphone<br/>
OnePlus 9 Pro 128 GB, 8 GB RAM, Morning Mist, Smartphone<br/>
OnePlus 9 Pro 128 GB, 8 GB RAM, Pine Green, Smartphone<br/>
OnePlus 9 Pro 256 GB, 12 GB RAM, Morning Mist, Smartphone<br/>
OnePlus 9 Pro 256 GB, 12 GB RAM, Pine Green, Smartphone<br/>
OnePlus 9 256 GB, 12 GB RAM, Winter Mist, Smartphone<br/>
OnePlus 9 256 GB, 12 GB RAM, Astral Black, Smartphone<br/>
Item is not searched<br/>
</div>
</td>
<td><div><pre>java.lang.AssertionError: expected [true] but found [false]
	at com.qa.testscript.TC_Reliance_01.Search(TC_Reliance_01.java:56)
... Removed 29 stack frames</pre></div><a href='#' onClick='toggleBox("stack-trace817054343", this, "Click to show all stack frames", "Click to hide stack frames")'>Click to show all stack frames</a>
<div class='stack-trace' id='stack-trace817054343'><pre>java.lang.AssertionError: expected [true] but found [false]
	at org.testng.Assert.fail(Assert.java:93)
	at org.testng.Assert.failNotEquals(Assert.java:512)
	at org.testng.Assert.assertTrue(Assert.java:41)
	at org.testng.Assert.assertTrue(Assert.java:51)
	at com.qa.testscript.TC_Reliance_01.Search(TC_Reliance_01.java:56)
	at sun.reflect.NativeMethodAccessorImpl.invoke0(Native Method)
	at sun.reflect.NativeMethodAccessorImpl.invoke(NativeMethodAccessorImpl.java:62)
	at sun.reflect.DelegatingMethodAccessorImpl.invoke(DelegatingMethodAccessorImpl.java:43)
	at java.lang.reflect.Method.invoke(Method.java:498)
	at org.testng.internal.MethodInvocationHelper.invokeMethod(MethodInvocationHelper.java:108)
	at org.testng.internal.Invoker.invokeMethod(Invoker.java:661)
	at org.testng.internal.Invoker.invokeTestMethod(Invoker.java:869)
	at org.testng.internal.Invoker.invokeTestMethods(Invoker.java:1193)
	at org.testng.internal.TestMethodWorker.invokeTestMethods(TestMethodWorker.java:126)
	at org.testng.internal.TestMethodWorker.run(TestMethodWorker.java:109)
	at org.testng.TestRunner.privateRun(TestRunner.java:744)
	at org.testng.TestRunner.run(TestRunner.java:602)
	at org.testng.SuiteRunner.runTest(SuiteRunner.java:380)
	at org.testng.SuiteRunner.runSequentially(SuiteRunner.java:375)
	at org.testng.SuiteRunner.privateRun(SuiteRunner.java:340)
	at org.testng.SuiteRunner.run(SuiteRunner.java:289)
	at org.testng.SuiteRunnerWorker.runSuite(SuiteRunnerWorker.java:52)
	at org.testng.SuiteRunnerWorker.run(SuiteRunnerWorker.java:86)
	at org.testng.TestNG.runSuitesSequentially(TestNG.java:1301)
	at org.testng.TestNG.runSuitesLocally(TestNG.java:1226)
	at org.testng.TestNG.runSuites(TestNG.java:1144)
	at org.testng.TestNG.run(TestNG.java:1115)
	at org.testng.remote.AbstractRemoteTestNG.run(AbstractRemoteTestNG.java:132)
	at org.testng.remote.RemoteTestNG.initAndRun(RemoteTestNG.java:230)
	at org.testng.remote.RemoteTestNG.main(RemoteTestNG.java:76)
</pre></div></td>
<td>7</td>
<td>com.qa.testscript.TC_Reliance_01@1e88b3c</td></tr>
</table><p>
<table width='100%' border='1' class='invocation-passed'>
<tr><td colspan='4' align='center'><b>PASSED TESTS</b></td></tr>
<tr><td><b>Test method</b></td>
<td width="30%"><b>Exception</b></td>
<td width="10%"><b>Time (seconds)</b></td>
<td><b>Instance</b></td>
</tr>
<tr>
<td title='com.qa.testscript.TC_Reliance_02.FooterLinks()'><b>FooterLinks</b><br>Test class: com.qa.testscript.TC_Reliance_02<br/>
<a href="#Output-1105090408" onClick='toggleBox("Output-1105090408", this, "Show output", "Hide output");'>Show output</a>

<a href="#Output-1105090408" onClick="toggleAllBoxes();">Show all outputs</a>
<div class='log' id="Output-1105090408">
PRODUCT CATEGORIES
Smartphones
Laptops
DSLR Cameras
Televisions
Air Conditioners
Refrigerators
Kitchen Appliances
Accessories
Personal Care & Grooming
SITE INFO
About Reliance Digital
resQ Services
Site Map
Gift Cards
Corporate Enquires
Contact Us
RESOURCE CENTRE
Product Reviews
Buying Guides
How Tos
Featured Stories
Events & Happenings
POLICIES
Terms of use
Cancellations & Returns
Privacy policy
E-waste policy
EMI Terms & Conditions
Pricing and Payments Policy<br/>
FOLLOW US
EXPERIENCE RELIANCE DIGITAL APP ON MOBILE<br/>
<br/>
</div>
</td>
<td></td>
<td>0</td>
<td>com.qa.testscript.TC_Reliance_02@42d80b78</td></tr>
</table><p>
</body>
</html>