<?xml version="1.0" encoding="UTF-8"?>
<!-- Generated by org.testng.reporters.JUnitXMLReporter -->
<testsuite hostname="DESKTOP-VO08QMD" ignored="0" name="FunctionalTesting" tests="3" failures="2" timestamp="2021-06-28T12:29:47 IST" time="54.579" errors="0">
  <testcase name="Search" time="8.471" classname="com.qa.testscript.TC_Reliance_01">
    <failure type="java.lang.AssertionError" message="expected [true] but found [false]">
      <![CDATA[java.lang.AssertionError: expected [true] but found [false]
at com.qa.testscript.TC_Reliance_01.Search(TC_Reliance_01.java:49)
at java.util.ArrayList.forEach(ArrayList.java:1259)
... Removed 35 stack frames]]>
    </failure>
  </testcase> <!-- Search -->
  <testcase name="Search" time="7.325" classname="com.qa.testscript.TC_Reliance_01">
    <failure type="java.lang.AssertionError" message="expected [true] but found [false]">
      <![CDATA[java.lang.AssertionError: expected [true] but found [false]
at com.qa.testscript.TC_Reliance_01.Search(TC_Reliance_01.java:49)
at java.util.ArrayList.forEach(ArrayList.java:1259)
... Removed 35 stack frames]]>
    </failure>
  </testcase> <!-- Search -->
  <testcase name="FooterLinks" time="1.071" classname="com.qa.testscript.TC_Reliance_02"/>
</testsuite> <!-- FunctionalTesting -->
