<?xml version="1.0" encoding="UTF-8"?>
<!-- Generated by org.testng.reporters.JUnitReportReporter -->
<testsuite skipped="0" hostname="DESKTOP-VO08QMD" name="com.qa.testscript.TC_Reliance_01" tests="2" failures="2" timestamp="2021-06-28T12:29:49 IST" time="15.796" errors="0">
  <testcase name="Search" time="8.471" classname="com.qa.testscript.TC_Reliance_01">
    <failure type="java.lang.AssertionError" message="expected [true] but found [false]">
      <![CDATA[java.lang.AssertionError: expected [true] but found [false]
at org.testng.Assert.fail(Assert.java:97)
at org.testng.Assert.failNotEquals(Assert.java:969)
at org.testng.Assert.assertTrue(Assert.java:43)
at org.testng.Assert.assertTrue(Assert.java:53)
at com.qa.testscript.TC_Reliance_01.Search(TC_Reliance_01.java:49)
at sun.reflect.NativeMethodAccessorImpl.invoke0(Native Method)
at sun.reflect.NativeMethodAccessorImpl.invoke(NativeMethodAccessorImpl.java:62)
at sun.reflect.DelegatingMethodAccessorImpl.invoke(DelegatingMethodAccessorImpl.java:43)
at java.lang.reflect.Method.invoke(Method.java:498)
at org.testng.internal.MethodInvocationHelper.invokeMethod(MethodInvocationHelper.java:134)
at org.testng.internal.TestInvoker.invokeMethod(TestInvoker.java:597)
at org.testng.internal.TestInvoker.invokeTestMethod(TestInvoker.java:173)
at org.testng.internal.MethodRunner.runInSequence(MethodRunner.java:46)
at org.testng.internal.TestInvoker$MethodInvocationAgent.invoke(TestInvoker.java:816)
at org.testng.internal.TestInvoker.invokeTestMethods(TestInvoker.java:146)
at org.testng.internal.TestMethodWorker.invokeTestMethods(TestMethodWorker.java:146)
at org.testng.internal.TestMethodWorker.run(TestMethodWorker.java:128)
at java.util.ArrayList.forEach(ArrayList.java:1259)
at org.testng.TestRunner.privateRun(TestRunner.java:766)
at org.testng.TestRunner.run(TestRunner.java:587)
at org.testng.SuiteRunner.runTest(SuiteRunner.java:384)
at org.testng.SuiteRunner.runSequentially(SuiteRunner.java:378)
at org.testng.SuiteRunner.privateRun(SuiteRunner.java:337)
at org.testng.SuiteRunner.run(SuiteRunner.java:286)
at org.testng.SuiteRunnerWorker.runSuite(SuiteRunnerWorker.java:53)
at org.testng.SuiteRunnerWorker.run(SuiteRunnerWorker.java:96)
at org.testng.TestNG.runSuitesSequentially(TestNG.java:1187)
at org.testng.TestNG.runSuitesLocally(TestNG.java:1109)
at org.testng.TestNG.runSuites(TestNG.java:1039)
at org.testng.TestNG.run(TestNG.java:1007)
at org.apache.maven.surefire.testng.TestNGExecutor.run(TestNGExecutor.java:283)
at org.apache.maven.surefire.testng.TestNGXmlTestSuite.execute(TestNGXmlTestSuite.java:75)
at org.apache.maven.surefire.testng.TestNGProvider.invoke(TestNGProvider.java:120)
at org.apache.maven.surefire.booter.ForkedBooter.invokeProviderInSameClassLoader(ForkedBooter.java:384)
at org.apache.maven.surefire.booter.ForkedBooter.runSuitesInProcess(ForkedBooter.java:345)
at org.apache.maven.surefire.booter.ForkedBooter.execute(ForkedBooter.java:126)
at org.apache.maven.surefire.booter.ForkedBooter.main(ForkedBooter.java:418)
]]>
    </failure>
  </testcase> <!-- Search -->
  <system-out>
Apple iPhone 12 Pro 512 GB, Graphite Apple iPhone 12 Pro 128 GB, Gold Apple iPhone 12 Pro 256 GB, Gold Apple iPhone 12 Pro 256 GB, Pacific Blue Apple iPhone 12 Pro 128 GB, Pacific Blue Apple iPhone 11 Pro 64 GB, Gold (Includes Earpods and Adapter) Apple iPhone 11 Pro 256 GB, Gold (Includes Earpods and Adapter) Apple iPhone 11 Pro Max 64 GB, Gold (Includes Earpods and Adapter) Apple iPhone 11 Pro Max 64 GB, Midnight Green (Includes Earpods and Adapter) Apple iPhone 11 Pro Max 64 GB, Space Grey (Includes Earpods and Adapter) Apple iPhone 11 Pro 64 GB, Space Grey (Includes Earpods and Adapter) Apple iPhone 11 Pro 64 GB, Midnight Green (Includes Earpods and Adapter) Apple iPhone 11 Pro 256 GB, Space Grey (Includes Earpods and Adapter) iPhone 12 & 12 Pro Clear Case with MagSafe Apple iPhone 12 Pro 256 GB, Graphite Apple iPhone 12 Pro 128 GB, Graphite iPhone 12 & 12 Pro Silicone Case with MagSafe - Kumquat iPhone 12 & 12 Pro Silicone Case with MagSafe - Deep Navy iPhone 12 & 12 Pro Silicone Case with MagSafe - Pink Citrus iPhone 12 & 12 Pro Silicone Case with MagSafe - Plum iPhone 12 & 12 Pro Silicone Case with MagSafe - Black iPhone 12 & 12 Pro Silicone Case with MagSafe - White iPhone 12 & 12 Pro Silicone Case with MagSafe - (PRODUCT)RED Apple iPhone 12 Pro Max 256 GB, Pacific Blue Item is not searched  </system-out>
  <testcase name="Search" time="7.325" classname="com.qa.testscript.TC_Reliance_01">
    <failure type="java.lang.AssertionError" message="expected [true] but found [false]">
      <![CDATA[java.lang.AssertionError: expected [true] but found [false]
at org.testng.Assert.fail(Assert.java:97)
at org.testng.Assert.failNotEquals(Assert.java:969)
at org.testng.Assert.assertTrue(Assert.java:43)
at org.testng.Assert.assertTrue(Assert.java:53)
at com.qa.testscript.TC_Reliance_01.Search(TC_Reliance_01.java:49)
at sun.reflect.NativeMethodAccessorImpl.invoke0(Native Method)
at sun.reflect.NativeMethodAccessorImpl.invoke(NativeMethodAccessorImpl.java:62)
at sun.reflect.DelegatingMethodAccessorImpl.invoke(DelegatingMethodAccessorImpl.java:43)
at java.lang.reflect.Method.invoke(Method.java:498)
at org.testng.internal.MethodInvocationHelper.invokeMethod(MethodInvocationHelper.java:134)
at org.testng.internal.TestInvoker.invokeMethod(TestInvoker.java:597)
at org.testng.internal.TestInvoker.invokeTestMethod(TestInvoker.java:173)
at org.testng.internal.MethodRunner.runInSequence(MethodRunner.java:46)
at org.testng.internal.TestInvoker$MethodInvocationAgent.invoke(TestInvoker.java:816)
at org.testng.internal.TestInvoker.invokeTestMethods(TestInvoker.java:146)
at org.testng.internal.TestMethodWorker.invokeTestMethods(TestMethodWorker.java:146)
at org.testng.internal.TestMethodWorker.run(TestMethodWorker.java:128)
at java.util.ArrayList.forEach(ArrayList.java:1259)
at org.testng.TestRunner.privateRun(TestRunner.java:766)
at org.testng.TestRunner.run(TestRunner.java:587)
at org.testng.SuiteRunner.runTest(SuiteRunner.java:384)
at org.testng.SuiteRunner.runSequentially(SuiteRunner.java:378)
at org.testng.SuiteRunner.privateRun(SuiteRunner.java:337)
at org.testng.SuiteRunner.run(SuiteRunner.java:286)
at org.testng.SuiteRunnerWorker.runSuite(SuiteRunnerWorker.java:53)
at org.testng.SuiteRunnerWorker.run(SuiteRunnerWorker.java:96)
at org.testng.TestNG.runSuitesSequentially(TestNG.java:1187)
at org.testng.TestNG.runSuitesLocally(TestNG.java:1109)
at org.testng.TestNG.runSuites(TestNG.java:1039)
at org.testng.TestNG.run(TestNG.java:1007)
at org.apache.maven.surefire.testng.TestNGExecutor.run(TestNGExecutor.java:283)
at org.apache.maven.surefire.testng.TestNGXmlTestSuite.execute(TestNGXmlTestSuite.java:75)
at org.apache.maven.surefire.testng.TestNGProvider.invoke(TestNGProvider.java:120)
at org.apache.maven.surefire.booter.ForkedBooter.invokeProviderInSameClassLoader(ForkedBooter.java:384)
at org.apache.maven.surefire.booter.ForkedBooter.runSuitesInProcess(ForkedBooter.java:345)
at org.apache.maven.surefire.booter.ForkedBooter.execute(ForkedBooter.java:126)
at org.apache.maven.surefire.booter.ForkedBooter.main(ForkedBooter.java:418)
]]>
    </failure>
  </testcase> <!-- Search -->
  <system-out>
OnePlus 9 256 GB, 12 GB RAM, Arctic Sky, Smartphone OnePlus 9R 256 GB, 12 GB RAM, Carbon Black, Smartphone OnePlus 9R 256 GB, 12 GB RAM, Lake Blue, Smartphone OnePlus 9 128 GB, 8 GB RAM, Astral Black, Smartphone OnePlus 9 Pro 128 GB, 8 GB RAM, Stellar Black, Smartphone OnePlus 9R 128 GB, 8 GB RAM, Lake Blue, Smartphone OnePlus 9R 128 GB, 8 GB RAM, Carbon Black, Smartphone OnePlus 9 128 GB, 8 GB RAM, Arctic Sky, Smartphone OnePlus 9 Pro 256 GB, 12 GB RAM, Stellar Black, Smartphone OnePlus 9 Pro 128 GB, 8 GB RAM, Morning Mist, Smartphone OnePlus 9 Pro 128 GB, 8 GB RAM, Pine Green, Smartphone OnePlus 9 Pro 256 GB, 12 GB RAM, Morning Mist, Smartphone OnePlus 9 Pro 256 GB, 12 GB RAM, Pine Green, Smartphone OnePlus 9 256 GB, 12 GB RAM, Winter Mist, Smartphone OnePlus 9 256 GB, 12 GB RAM, Astral Black, Smartphone Item is not searched  </system-out>
</testsuite> <!-- com.qa.testscript.TC_Reliance_01 -->
